2025-03-24 22:41:36,592 [INFO] Activator:176 - 


2025-03-24 22:41:36,597 [INFO] Activator:177 - !SESSION log4j initialized
2025-03-24 22:41:39,711 [INFO] LogOutputStream:77 - [STDOUT_REDIRECT] 
2025-03-24 22:41:41,419 [INFO] ApplicationProperties:184 - Using Application install path: C:\ST\STM32CubeIDE_1.14.0\STM32CubeIDE\plugins\com.st.stm32cube.common.mx_6.14.0.202502271554
2025-03-24 22:41:41,436 [INFO] DbMcusXml:78 - Set database path to: C:\ST\STM32CubeIDE_1.14.0\STM32CubeIDE\plugins\com.st.stm32cube.common.mx_6.14.0.202502271554\\db\/mcu/
2025-03-24 22:41:41,436 [INFO] ApiDb:274 - Set plugin database path to: C:\ST\STM32CubeIDE_1.14.0\STM32CubeIDE\plugins\com.st.stm32cube.common.mx_6.14.0.202502271554\\db\/plugins/boardmanager/
2025-03-24 22:41:41,437 [WARN] ApiDb:259 - Overriding images path with different value:  => C:\ST\STM32CubeIDE_1.14.0\STM32CubeIDE\plugins\com.st.stm32cube.common.mx_6.14.0.202502271554\\db\/plugins/mcufinder/images/
2025-03-24 22:41:41,446 [INFO] ApiDb:250 - Set database path to: C:\Users\Monster\.stmcufinder\plugins\mcufinder//mcu/
2025-03-24 22:41:41,447 [INFO] DbMcusAds:125 - Set database path to: C:\Users\Monster\.stmcufinder\plugins\mcufinder//mcu/
2025-03-24 22:41:41,450 [INFO] CrossReferenceDbSqlite:203 - Set database path to: C:\Users\Monster\.stmcufinder\plugins\mcufinder//mcu/cs/
2025-03-24 22:41:41,563 [INFO] RulesReader:64 - Compatibility file has been processed (301 Rules)
2025-03-24 22:41:41,636 [INFO] DbMcusXml:78 - Set database path to: C:\ST\STM32CubeIDE_1.14.0\STM32CubeIDE\plugins\com.st.stm32cube.common.mx_6.14.0.202502271554\\db\/mcu/
2025-03-24 22:41:41,636 [INFO] ApiDb:274 - Set plugin database path to: C:\ST\STM32CubeIDE_1.14.0\STM32CubeIDE\plugins\com.st.stm32cube.common.mx_6.14.0.202502271554\\db\/plugins/boardmanager/
2025-03-24 22:41:41,636 [INFO] ApiDb:261 - Set plugin images path to: C:\ST\STM32CubeIDE_1.14.0\STM32CubeIDE\plugins\com.st.stm32cube.common.mx_6.14.0.202502271554\\db\/plugins/mcufinder/images/
2025-03-24 22:41:41,637 [WARN] DbFile:41 - Overriding database path with different value: C:\Users\Monster\.stmcufinder\plugins\mcufinder/ => C:\Users\Monster\.stmcufinder\plugins\mcufinder
2025-03-24 22:41:41,637 [INFO] ApiDb:250 - Set database path to: C:\Users\Monster\.stmcufinder\plugins\mcufinder//mcu/
2025-03-24 22:41:41,637 [WARN] DbFile:41 - Overriding database path with different value: C:\Users\Monster\.stmcufinder\plugins\mcufinder/ => C:\Users\Monster\.stmcufinder\plugins\mcufinder
2025-03-24 22:41:41,637 [INFO] DbMcusAds:125 - Set database path to: C:\Users\Monster\.stmcufinder\plugins\mcufinder//mcu/
2025-03-24 22:41:41,637 [WARN] DbFile:41 - Overriding database path with different value: C:\Users\Monster\.stmcufinder\plugins\mcufinder/ => C:\Users\Monster\.stmcufinder\plugins\mcufinder
2025-03-24 22:41:41,637 [WARN] DbFile:41 - Overriding database path with different value: C:\Users\Monster\.stmcufinder\plugins\mcufinder/ => C:\Users\Monster\.stmcufinder\plugins\mcufinder
2025-03-24 22:41:41,639 [INFO] CrossReferenceDbSqlite:203 - Set database path to: C:\Users\Monster\.stmcufinder\plugins\mcufinder//mcu/cs/
2025-03-24 22:41:41,721 [INFO] MainPanel:272 - HeapMemory: 268435456
2025-03-24 22:41:41,814 [INFO] DbMcusXml:78 - Set database path to: C:\ST\STM32CubeIDE_1.14.0\STM32CubeIDE\plugins\com.st.stm32cube.common.mx_6.14.0.202502271554\\db\/mcu/
2025-03-24 22:41:41,814 [INFO] ApiDb:274 - Set plugin database path to: C:\ST\STM32CubeIDE_1.14.0\STM32CubeIDE\plugins\com.st.stm32cube.common.mx_6.14.0.202502271554\\db\/plugins/boardmanager/
2025-03-24 22:41:41,814 [INFO] ApiDb:261 - Set plugin images path to: C:\ST\STM32CubeIDE_1.14.0\STM32CubeIDE\plugins\com.st.stm32cube.common.mx_6.14.0.202502271554\\db\/plugins/mcufinder/images/
2025-03-24 22:41:41,815 [WARN] DbFile:41 - Overriding database path with different value: C:\Users\Monster\.stmcufinder\plugins\mcufinder/ => C:\Users\Monster\.stmcufinder\plugins\mcufinder
2025-03-24 22:41:41,815 [INFO] ApiDb:250 - Set database path to: C:\Users\Monster\.stmcufinder\plugins\mcufinder//mcu/
2025-03-24 22:41:41,815 [WARN] DbFile:41 - Overriding database path with different value: C:\Users\Monster\.stmcufinder\plugins\mcufinder/ => C:\Users\Monster\.stmcufinder\plugins\mcufinder
2025-03-24 22:41:41,815 [INFO] DbMcusAds:125 - Set database path to: C:\Users\Monster\.stmcufinder\plugins\mcufinder//mcu/
2025-03-24 22:41:41,815 [WARN] DbFile:41 - Overriding database path with different value: C:\Users\Monster\.stmcufinder\plugins\mcufinder/ => C:\Users\Monster\.stmcufinder\plugins\mcufinder
2025-03-24 22:41:41,815 [WARN] DbFile:41 - Overriding database path with different value: C:\Users\Monster\.stmcufinder\plugins\mcufinder/ => C:\Users\Monster\.stmcufinder\plugins\mcufinder
2025-03-24 22:41:41,817 [INFO] CrossReferenceDbSqlite:203 - Set database path to: C:\Users\Monster\.stmcufinder\plugins\mcufinder//mcu/cs/
2025-03-24 22:41:41,832 [INFO] ApplicationProperties:184 - Using Application install path: C:\ST\STM32CubeIDE_1.14.0\STM32CubeIDE\plugins\com.st.stm32cube.common.mx_6.14.0.202502271554
2025-03-24 22:41:41,834 [INFO] PluginManage:196 - Search for loadable plugins [exclusion list=, ]
2025-03-24 22:41:41,835 [INFO] PluginManage:310 - Check plugin analytics
2025-03-24 22:41:42,014 [INFO] AnalyticsPlugin:253 - Accepted Software Licenses: STM32CubeMX.6.14.0
2025-03-24 22:41:42,015 [INFO] AnalyticsPlugin:255 - Accepted CMSIS Pack Licenses: 
2025-03-24 22:41:42,015 [INFO] AnalyticsPlugin:257 - Accepted Firmware Licenses: FW.H7.1.12.0,FW.H7.1.11.0
2025-03-24 22:41:42,018 [INFO] PluginManage:359 - Loaded plugin analytics (category:tool,tabindex:-1)
2025-03-24 22:41:42,018 [INFO] PluginManage:310 - Check plugin cadmodel
2025-03-24 22:41:42,023 [INFO] CADModel:105 - Init CAD model plugin
2025-03-24 22:41:42,024 [INFO] PluginManage:359 - Loaded plugin cadmodel (category:power,tabindex:5)
2025-03-24 22:41:42,024 [INFO] PluginManage:310 - Check plugin clock
2025-03-24 22:41:42,032 [INFO] PluginManage:359 - Loaded plugin clock (category:base,tabindex:2)
2025-03-24 22:41:42,032 [INFO] PluginManage:310 - Check plugin ddr
2025-03-24 22:41:42,035 [INFO] PluginManage:359 - Loaded plugin ddr (category:tool,tabindex:6)
2025-03-24 22:41:42,035 [INFO] PluginManage:310 - Check plugin filemanager
2025-03-24 22:41:42,212 [INFO] PluginManage:359 - Loaded plugin filemanager (category:base,tabindex:10)
2025-03-24 22:41:42,212 [INFO] PluginManage:310 - Check plugin ipmanager
2025-03-24 22:41:42,231 [INFO] PluginManage:359 - Loaded plugin ipmanager (category:base,tabindex:5)
2025-03-24 22:41:42,231 [INFO] PluginManage:310 - Check plugin lpbam
2025-03-24 22:41:42,239 [INFO] PluginManage:359 - Loaded plugin lpbam (category:base,tabindex:0)
2025-03-24 22:41:42,239 [INFO] PluginManage:310 - Check plugin memorymap
2025-03-24 22:41:42,251 [INFO] PluginManage:359 - Loaded plugin memorymap (category:base,tabindex:4)
2025-03-24 22:41:42,251 [INFO] PluginManage:310 - Check plugin pinoutandconfiguration
2025-03-24 22:41:42,258 [INFO] PluginManage:359 - Loaded plugin pinoutandconfiguration (category:base,tabindex:1)
2025-03-24 22:41:42,258 [INFO] PluginManage:310 - Check plugin pinoutconfig
2025-03-24 22:41:42,339 [WARN] SupportedApi:132 - Cannot load RTOS API schema: s4s-elt-must-match.1: The content of 'definitions' must match (annotation?, (simpleType | complexType)?, (unique | key | keyref)*)). A problem was found starting at: attribute.
2025-03-24 22:41:42,439 [INFO] PluginManage:359 - Loaded plugin pinoutconfig (category:base,tabindex:0)
2025-03-24 22:41:42,439 [INFO] PluginManage:310 - Check plugin power
2025-03-24 22:41:42,448 [INFO] PluginManage:359 - Loaded plugin power (category:power,tabindex:4)
2025-03-24 22:41:42,448 [INFO] PluginManage:310 - Check plugin projectmanager
2025-03-24 22:41:42,461 [INFO] PluginManage:359 - Loaded plugin projectmanager (category:projectmanager,tabindex:4)
2025-03-24 22:41:42,461 [INFO] PluginManage:310 - Check plugin rif
2025-03-24 22:41:42,467 [INFO] PluginManage:359 - Loaded plugin rif (category:base,tabindex:3)
2025-03-24 22:41:42,467 [INFO] PluginManage:310 - Check plugin thirdparty
2025-03-24 22:41:42,596 [INFO] PluginManage:359 - Loaded plugin thirdparty (category:base,tabindex:-1)
2025-03-24 22:41:42,596 [WARN] IntegrityCheckThread:84 - waiting for thirdparty lock release [integrity check]
2025-03-24 22:41:42,596 [INFO] PluginManage:310 - Check plugin tools
2025-03-24 22:41:42,596 [INFO] IntegrityCheckThread:86 - entering critical section [integrity check]
2025-03-24 22:41:42,597 [INFO] ThirdPartyUpdaterWithRetryManager:70 - Updater plugin not ready yet. [1/15]
2025-03-24 22:41:42,599 [INFO] PluginManage:359 - Loaded plugin tools (category:base,tabindex:7)
2025-03-24 22:41:42,599 [INFO] PluginManage:310 - Check plugin tutovideos
2025-03-24 22:41:42,740 [INFO] PluginManage:359 - Loaded plugin tutovideos (category:base,tabindex:-1)
2025-03-24 22:41:42,740 [INFO] PluginManage:310 - Check plugin updater
2025-03-24 22:41:42,757 [INFO] PluginManage:359 - Loaded plugin updater (category:base,tabindex:12)
2025-03-24 22:41:42,758 [INFO] PluginManage:310 - Check plugin userauth
2025-03-24 22:41:42,761 [INFO] UserAuth:118 - Init User Auth plugin
2025-03-24 22:41:42,762 [INFO] PluginManage:359 - Loaded plugin userauth (category:base,tabindex:14)
2025-03-24 22:41:42,762 [INFO] PluginManage:283 - PluginManage : Loaded plugins [18]
2025-03-24 22:41:42,944 [INFO] PinOutPanel:1589 - setPackage(No Configuration,No Configuration)
2025-03-24 22:41:43,025 [INFO] CADModel:165 - CPN selected for project level
2025-03-24 22:41:43,025 [INFO] CADModel:114 - Register for checkConnection events
2025-03-24 22:41:43,041 [INFO] IPUIPlugin:80 - create IPUIPlugin
2025-03-24 22:41:43,041 [INFO] PluginManager:220 - loadIPPluginJar : add adc
2025-03-24 22:41:43,043 [INFO] IPUIPlugin:80 - create IPUIPlugin
2025-03-24 22:41:43,044 [INFO] PluginManager:220 - loadIPPluginJar : add aes
2025-03-24 22:41:43,047 [INFO] IPUIPlugin:80 - create IPUIPlugin
2025-03-24 22:41:43,047 [INFO] PluginManager:220 - loadIPPluginJar : add can
2025-03-24 22:41:43,051 [INFO] IPUIPlugin:80 - create IPUIPlugin
2025-03-24 22:41:43,052 [INFO] PluginManager:220 - loadIPPluginJar : add comp
2025-03-24 22:41:43,055 [INFO] IPUIPlugin:80 - create IPUIPlugin
2025-03-24 22:41:43,055 [INFO] PluginManager:220 - loadIPPluginJar : add cryp
2025-03-24 22:41:43,059 [INFO] IPUIPlugin:80 - create IPUIPlugin
2025-03-24 22:41:43,059 [INFO] PluginManager:220 - loadIPPluginJar : add ddr_ctrl_phy
2025-03-24 22:41:43,062 [INFO] IPUIPlugin:80 - create IPUIPlugin
2025-03-24 22:41:43,062 [INFO] PluginManager:220 - loadIPPluginJar : add dfsdm
2025-03-24 22:41:43,067 [INFO] IPUIPlugin:80 - create IPUIPlugin
2025-03-24 22:41:43,068 [INFO] PluginManager:220 - loadIPPluginJar : add dma
2025-03-24 22:41:43,071 [INFO] IPUIPlugin:80 - create IPUIPlugin
2025-03-24 22:41:43,071 [INFO] PluginManager:220 - loadIPPluginJar : add dma3
2025-03-24 22:41:43,074 [INFO] IPUIPlugin:80 - create IPUIPlugin
2025-03-24 22:41:43,074 [INFO] PluginManager:220 - loadIPPluginJar : add extmemmanager
2025-03-24 22:41:43,076 [INFO] IPUIPlugin:80 - create IPUIPlugin
2025-03-24 22:41:43,076 [INFO] PluginManager:220 - loadIPPluginJar : add fatfs
2025-03-24 22:41:43,080 [INFO] IPUIPlugin:80 - create IPUIPlugin
2025-03-24 22:41:43,080 [INFO] PluginManager:220 - loadIPPluginJar : add fmc
2025-03-24 22:41:43,085 [INFO] IPUIPlugin:80 - create IPUIPlugin
2025-03-24 22:41:43,085 [INFO] PluginManager:220 - loadIPPluginJar : add freertos
2025-03-24 22:41:43,087 [INFO] IPUIPlugin:80 - create IPUIPlugin
2025-03-24 22:41:43,088 [INFO] PluginManager:220 - loadIPPluginJar : add genericplugin
2025-03-24 22:41:43,090 [INFO] IPUIPlugin:80 - create IPUIPlugin
2025-03-24 22:41:43,090 [INFO] PluginManager:220 - loadIPPluginJar : add gfxmmu
2025-03-24 22:41:43,094 [INFO] IPUIPlugin:80 - create IPUIPlugin
2025-03-24 22:41:43,094 [INFO] PluginManager:220 - loadIPPluginJar : add gic
2025-03-24 22:41:43,098 [INFO] IPUIPlugin:80 - create IPUIPlugin
2025-03-24 22:41:43,098 [INFO] PluginManager:220 - loadIPPluginJar : add gpio
2025-03-24 22:41:43,100 [INFO] IPUIPlugin:80 - create IPUIPlugin
2025-03-24 22:41:43,100 [INFO] PluginManager:220 - loadIPPluginJar : add gtzc
2025-03-24 22:41:43,103 [INFO] IPUIPlugin:80 - create IPUIPlugin
2025-03-24 22:41:43,103 [INFO] PluginManager:220 - loadIPPluginJar : add hash
2025-03-24 22:41:43,106 [INFO] IPUIPlugin:80 - create IPUIPlugin
2025-03-24 22:41:43,106 [INFO] PluginManager:220 - loadIPPluginJar : add i2c
2025-03-24 22:41:43,109 [INFO] IPUIPlugin:80 - create IPUIPlugin
2025-03-24 22:41:43,109 [INFO] PluginManager:220 - loadIPPluginJar : add i2s
2025-03-24 22:41:43,112 [INFO] IPUIPlugin:80 - create IPUIPlugin
2025-03-24 22:41:43,112 [INFO] PluginManager:220 - loadIPPluginJar : add i3c
2025-03-24 22:41:43,115 [INFO] IPUIPlugin:80 - create IPUIPlugin
2025-03-24 22:41:43,115 [INFO] PluginManager:220 - loadIPPluginJar : add ipddr
2025-03-24 22:41:43,123 [INFO] IPUIPlugin:80 - create IPUIPlugin
2025-03-24 22:41:43,123 [INFO] PluginManager:220 - loadIPPluginJar : add linkedlist
2025-03-24 22:41:43,126 [INFO] IPUIPlugin:80 - create IPUIPlugin
2025-03-24 22:41:43,126 [INFO] PluginManager:220 - loadIPPluginJar : add lorawan
2025-03-24 22:41:43,128 [INFO] IPUIPlugin:80 - create IPUIPlugin
2025-03-24 22:41:43,128 [INFO] PluginManager:220 - loadIPPluginJar : add ltdc
2025-03-24 22:41:43,133 [INFO] IPUIPlugin:80 - create IPUIPlugin
2025-03-24 22:41:43,133 [INFO] PluginManager:220 - loadIPPluginJar : add mdma
2025-03-24 22:41:43,136 [INFO] IPUIPlugin:80 - create IPUIPlugin
2025-03-24 22:41:43,137 [INFO] PluginManager:220 - loadIPPluginJar : add nvic
2025-03-24 22:41:43,139 [INFO] IPUIPlugin:80 - create IPUIPlugin
2025-03-24 22:41:43,139 [INFO] PluginManager:220 - loadIPPluginJar : add opamp
2025-03-24 22:41:43,142 [INFO] IPUIPlugin:80 - create IPUIPlugin
2025-03-24 22:41:43,142 [INFO] PluginManager:220 - loadIPPluginJar : add openamp
2025-03-24 22:41:43,146 [INFO] IPUIPlugin:80 - create IPUIPlugin
2025-03-24 22:41:43,146 [INFO] PluginManager:220 - loadIPPluginJar : add pdm2pcm
2025-03-24 22:41:43,151 [INFO] IPUIPlugin:80 - create IPUIPlugin
2025-03-24 22:41:43,153 [INFO] PluginManager:220 - loadIPPluginJar : add plateformsettings
2025-03-24 22:41:43,155 [INFO] IPUIPlugin:80 - create IPUIPlugin
2025-03-24 22:41:43,156 [INFO] PluginManager:220 - loadIPPluginJar : add quadspi
2025-03-24 22:41:43,158 [INFO] IPUIPlugin:80 - create IPUIPlugin
2025-03-24 22:41:43,158 [INFO] PluginManager:220 - loadIPPluginJar : add radio
2025-03-24 22:41:43,163 [INFO] IPUIPlugin:80 - create IPUIPlugin
2025-03-24 22:41:43,163 [INFO] PluginManager:220 - loadIPPluginJar : add resmgrutility
2025-03-24 22:41:43,166 [INFO] IPUIPlugin:80 - create IPUIPlugin
2025-03-24 22:41:43,166 [INFO] PluginManager:220 - loadIPPluginJar : add sai
2025-03-24 22:41:43,169 [INFO] IPUIPlugin:80 - create IPUIPlugin
2025-03-24 22:41:43,169 [INFO] PluginManager:220 - loadIPPluginJar : add spi
2025-03-24 22:41:43,174 [INFO] IPUIPlugin:80 - create IPUIPlugin
2025-03-24 22:41:43,174 [INFO] PluginManager:220 - loadIPPluginJar : add stm32_wpan
2025-03-24 22:41:43,176 [INFO] IPUIPlugin:80 - create IPUIPlugin
2025-03-24 22:41:43,176 [INFO] PluginManager:220 - loadIPPluginJar : add tim
2025-03-24 22:41:43,179 [INFO] IPUIPlugin:80 - create IPUIPlugin
2025-03-24 22:41:43,179 [INFO] PluginManager:220 - loadIPPluginJar : add touchsensing
2025-03-24 22:41:43,181 [INFO] IPUIPlugin:80 - create IPUIPlugin
2025-03-24 22:41:43,181 [INFO] PluginManager:220 - loadIPPluginJar : add tracer_emb
2025-03-24 22:41:43,183 [INFO] IPUIPlugin:80 - create IPUIPlugin
2025-03-24 22:41:43,183 [INFO] PluginManager:220 - loadIPPluginJar : add ts
2025-03-24 22:41:43,185 [INFO] IPUIPlugin:80 - create IPUIPlugin
2025-03-24 22:41:43,185 [INFO] PluginManager:220 - loadIPPluginJar : add tsc
2025-03-24 22:41:43,187 [INFO] IPUIPlugin:80 - create IPUIPlugin
2025-03-24 22:41:43,187 [INFO] PluginManager:220 - loadIPPluginJar : add ucpd
2025-03-24 22:41:43,190 [INFO] IPUIPlugin:80 - create IPUIPlugin
2025-03-24 22:41:43,190 [INFO] PluginManager:220 - loadIPPluginJar : add usart
2025-03-24 22:41:43,193 [INFO] IPUIPlugin:80 - create IPUIPlugin
2025-03-24 22:41:43,193 [INFO] PluginManager:220 - loadIPPluginJar : add usbx
2025-03-24 22:41:43,314 [FATAL] Updater:351 - Updater called before beeing initialized
2025-03-24 22:41:43,337 [INFO] RulesReader:64 - Compatibility file has been processed (301 Rules)
2025-03-24 22:41:43,349 [INFO] RulesReader:64 - Compatibility file has been processed (301 Rules)
2025-03-24 22:41:43,359 [INFO] CADModel:165 - CPN selected for project level
2025-03-24 22:41:43,359 [INFO] CADModel:114 - Register for checkConnection events
2025-03-24 22:41:43,359 [FATAL] Updater:351 - Updater called before beeing initialized
2025-03-24 22:41:43,359 [ERROR] CADModel:125 - Updater not yet initialized, retry later 
2025-03-24 22:41:43,476 [FATAL] Updater:351 - Updater called before beeing initialized
2025-03-24 22:41:43,478 [INFO] CADModel:165 - CPN selected for project level
2025-03-24 22:41:43,478 [INFO] CADModel:114 - Register for checkConnection events
2025-03-24 22:41:43,478 [FATAL] Updater:351 - Updater called before beeing initialized
2025-03-24 22:41:43,478 [ERROR] CADModel:125 - Updater not yet initialized, retry later 
2025-03-24 22:41:43,481 [FATAL] Updater:351 - Updater called before beeing initialized
2025-03-24 22:41:43,593 [FATAL] Updater:351 - Updater called before beeing initialized
2025-03-24 22:41:43,597 [INFO] DbMcusAds:53 - JSON generation date=Thu Mar 06 17:54:21 TRT 2025 (1741272861825)
2025-03-24 22:41:43,597 [FATAL] Updater:351 - Updater called before beeing initialized
2025-03-24 22:41:43,631 [WARN] DetailPanel:346 - Failed to get advertising image, set to default
2025-03-24 22:41:43,865 [FATAL] Updater:351 - Updater called before beeing initialized
2025-03-24 22:41:43,867 [FATAL] Updater:351 - Updater called before beeing initialized
2025-03-24 22:41:43,867 [FATAL] Updater:351 - Updater called before beeing initialized
2025-03-24 22:41:43,867 [WARN] DetailPanel:346 - Failed to get advertising image, set to default
2025-03-24 22:41:43,868 [FATAL] Updater:351 - Updater called before beeing initialized
2025-03-24 22:41:43,921 [ERROR] Updater:1198 - MainUpdater not yet initialized. External WinMGr cannot be set.
2025-03-24 22:41:43,926 [INFO] Updater:1134 - Updater Version found : 6.14.0
2025-03-24 22:41:43,944 [INFO] ApplicationProperties:184 - Using Application install path: C:\ST\STM32CubeIDE_1.14.0\STM32CubeIDE\plugins\com.st.stm32cube.common.mx_6.14.0.202502271554
2025-03-24 22:41:44,373 [INFO] MainUpdater:2872 - connection check result : 10
2025-03-24 22:41:44,376 [INFO] MainUpdater:289 - Updater Check For Update Now.
2025-03-24 22:41:44,376 [INFO] MicroXplorer:498 - Change Database Version : DB.6.0.140
2025-03-24 22:41:44,384 [INFO] McuFinderGlobals:63 - Set McuFinder mode to 2 (CubeIDE integrated)
2025-03-24 22:41:44,384 [INFO] UserAuth:171 - activating auth plugin
2025-03-24 22:41:44,394 [INFO] UserAuth:486 - Internet connection configuration mode: 1
2025-03-24 22:41:44,425 [INFO] JxBrowserEngine:152 - Initiate JxBrowser Engine with user profile folder
2025-03-24 22:41:44,610 [INFO] CheckServerUpdateThread:120 - End of CheckServer Thread
2025-03-24 22:41:45,347 [INFO] WebApp:169 - Instantiating new browser for Auth
2025-03-24 22:41:45,941 [WARN] PackLoader:240 - Cannot read IP mode file for STMicroelectronics.FP-SNS-MOTENVWB1.1.4.0
2025-03-24 22:41:45,964 [WARN] PackLoader:240 - Cannot read IP mode file for STMicroelectronics.FP-ATR-ASTRA1.2.0.2
2025-03-24 22:41:46,028 [WARN] PackLoader:240 - Cannot read IP mode file for STMicroelectronics.X-CUBE-SMBUS.2.1.0
2025-03-24 22:41:46,049 [WARN] PackLoader:240 - Cannot read IP mode file for STMicroelectronics.X-CUBE-WB05N.1.1.0
2025-03-24 22:41:46,057 [WARN] PackLoader:240 - Cannot read IP mode file for STMicroelectronics.X-CUBE-TOUCHGFX.4.23.0
2025-03-24 22:41:46,104 [WARN] PackLoader:240 - Cannot read IP mode file for STMicroelectronics.X-CUBE-AZRTOS-F7.1.1.0
2025-03-24 22:41:46,123 [WARN] PackLoader:240 - Cannot read IP mode file for STMicroelectronics.FP-SNS-MOTENV1.4.3.2
2025-03-24 22:41:46,139 [WARN] PackLoader:240 - Cannot read IP mode file for STMicroelectronics.FP-SNS-FLIGHT1.5.0.2
2025-03-24 22:41:46,153 [WARN] PackLoader:240 - Cannot read IP mode file for STMicroelectronics.X-CUBE-DISPLAY.3.0.0
2025-03-24 22:41:46,167 [WARN] PackLoader:240 - Cannot read IP mode file for STMicroelectronics.X-CUBE-BLE1.7.0.0
2025-03-24 22:41:46,178 [WARN] PackLoader:240 - Cannot read IP mode file for STMicroelectronics.X-CUBE-NFC10.1.0.0
2025-03-24 22:41:46,198 [WARN] PackLoader:240 - Cannot read IP mode file for STMicroelectronics.X-CUBE-BLEMGR.4.0.0
2025-03-24 22:41:46,211 [WARN] PackLoader:240 - Cannot read IP mode file for emotas.I-CUBE-CANOPEN.1.3.0
2025-03-24 22:41:46,216 [WARN] PackLoader:240 - Cannot read IP mode file for STMicroelectronics.X-CUBE-TOUCHGFX.4.22.1
2025-03-24 22:41:46,223 [WARN] ConditionMgr:438 - getConditionDescription Invalid condition id : Cortex-A Device cause : null
2025-03-24 22:41:46,252 [WARN] ConditionMgr:1044 - genDependencies : Invalid condition id : Cortex-A Device cause : null
2025-03-24 22:41:46,253 [WARN] ConditionMgr:1044 - genDependencies : Invalid condition id : Cortex-A Device cause : null
2025-03-24 22:41:46,253 [WARN] ConditionMgr:1044 - genDependencies : Invalid condition id : Cortex-A Device cause : null
2025-03-24 22:41:46,276 [WARN] PackLoader:240 - Cannot read IP mode file for STMicroelectronics.X-CUBE-AI.10.0.0
2025-03-24 22:41:46,293 [WARN] PackLoader:240 - Cannot read IP mode file for STMicroelectronics.FP-SNS-SMARTAG2.1.2.0
2025-03-24 22:41:46,334 [WARN] PackLoader:240 - Cannot read IP mode file for STMicroelectronics.FP-SNS-FLIGHT1.5.1.0
2025-03-24 22:41:46,503 [WARN] PackLoader:240 - Cannot read IP mode file for STMicroelectronics.X-CUBE-MEMS1.11.1.0
2025-03-24 22:41:46,526 [INFO] WebApp:463 - Apply proxy settings
2025-03-24 22:41:46,527 [INFO] WebApp:548 - Chromium requires no authentication
2025-03-24 22:41:46,562 [INFO] WebApp:491 - Direct internet connection detected
2025-03-24 22:41:46,600 [INFO] WebApp:894 - Register for checkConnection events
2025-03-24 22:41:46,600 [INFO] WebApp:463 - Apply proxy settings
2025-03-24 22:41:46,601 [INFO] WebApp:548 - Chromium requires no authentication
2025-03-24 22:41:46,601 [INFO] WebApp:491 - Direct internet connection detected
2025-03-24 22:41:46,771 [INFO] LogOutputStream:77 - [STDOUT_REDIRECT] 1 : Invalid condition id : UX_CORESTACK_Condition cause : null
2025-03-24 22:41:46,774 [INFO] LogOutputStream:77 - [STDOUT_REDIRECT] 1 : Invalid condition id : UX_CORESTACK_Condition cause : null
2025-03-24 22:41:46,775 [INFO] LogOutputStream:77 - [STDOUT_REDIRECT] 1 : Invalid condition id : UX_CORESTACK_Condition cause : null
2025-03-24 22:41:46,777 [INFO] LogOutputStream:77 - [STDOUT_REDIRECT] 1 : Invalid condition id : UX_CORESTACK_Condition cause : null
2025-03-24 22:41:46,778 [INFO] LogOutputStream:77 - [STDOUT_REDIRECT] 1 : Invalid condition id : UX_CORESTACK_Condition cause : null
2025-03-24 22:41:46,782 [WARN] PackLoader:240 - Cannot read IP mode file for STMicroelectronics.X-CUBE-AZRTOS-WL.2.0.0
2025-03-24 22:41:46,790 [WARN] PackLoader:240 - Cannot read IP mode file for STMicroelectronics.FP-SNS-MOTENV1.5.0.0
2025-03-24 22:41:46,802 [WARN] PackLoader:240 - Cannot read IP mode file for WES.I-CUBE-Cesium.1.3.0
2025-03-24 22:41:46,813 [WARN] PackLoader:240 - Cannot read IP mode file for STMicroelectronics.X-CUBE-BLE2.3.3.0
2025-03-24 22:41:46,822 [WARN] PackLoader:240 - Cannot read IP mode file for STMicroelectronics.X-CUBE-NFC9.1.0.0
2025-03-24 22:41:46,829 [WARN] PackLoader:240 - Cannot read IP mode file for STMicroelectronics.X-CUBE-BLE1.7.1.0
2025-03-24 22:41:46,836 [WARN] PackLoader:240 - Cannot read IP mode file for wolfSSL.I-CUBE-wolfMQTT.1.19.2
2025-03-24 22:41:46,847 [WARN] PackLoader:240 - Cannot read IP mode file for STMicroelectronics.X-CUBE-ALGOBUILD.1.3.0
2025-03-24 22:41:46,866 [WARN] PackLoader:240 - Cannot read IP mode file for STMicroelectronics.X-CUBE-AZRTOS-G0.1.1.0
2025-03-24 22:41:46,878 [WARN] PackLoader:240 - Cannot read IP mode file for STMicroelectronics.X-CUBE-SAFEA1.1.2.2
2025-03-24 22:41:46,888 [WARN] PackLoader:240 - Cannot read IP mode file for STMicroelectronics.X-CUBE-NFC4.3.0.0
2025-03-24 22:41:46,900 [WARN] PackLoader:240 - Cannot read IP mode file for EmbeddedOffice.I-CUBE-FS-RTOS.1.0.1
2025-03-24 22:41:46,909 [WARN] PackLoader:240 - Cannot read IP mode file for STMicroelectronics.X-CUBE-BLEMGR.3.0.0
2025-03-24 22:41:46,914 [INFO] WebApp:225 - Starting web application
2025-03-24 22:41:46,914 [INFO] WebApp:593 - Web application path used C:\ST\STM32CubeIDE_1.14.0\STM32CubeIDE\plugins\com.st.stm32cube.common.mx_6.14.0.202502271554\db\plugins\mcufinder\reactClient1\index.html
2025-03-24 22:41:46,919 [WARN] PackLoader:240 - Cannot read IP mode file for wolfSSL.I-CUBE-wolfTPM.3.8.0
2025-03-24 22:41:46,929 [WARN] PackLoader:240 - Cannot read IP mode file for STMicroelectronics.X-CUBE-TCPP.4.2.0
2025-03-24 22:41:46,944 [WARN] PackLoader:240 - Cannot read IP mode file for RealThread.X-CUBE-RT-Thread_Nano.4.1.1
2025-03-24 22:41:46,954 [WARN] PackLoader:240 - Cannot read IP mode file for STMicroelectronics.FP-ATR-SIGFOX1.3.2.0
2025-03-24 22:41:46,970 [WARN] PackLoader:240 - Cannot read IP mode file for STMicroelectronics.X-CUBE-EEPRMA1.5.1.0
2025-03-24 22:41:47,022 [WARN] PackLoader:240 - Cannot read IP mode file for SEGGER.I-CUBE-embOS.1.3.1
2025-03-24 22:41:47,157 [WARN] PackLoader:240 - Cannot read IP mode file for STMicroelectronics.X-CUBE-ALGOBUILD.1.4.0
2025-03-24 22:41:47,174 [WARN] PackLoader:240 - Cannot read IP mode file for STMicroelectronics.X-CUBE-GNSS1.6.0.0
2025-03-24 22:41:47,204 [WARN] PackLoader:240 - Cannot read IP mode file for STMicroelectronics.X-CUBE-AZRTOS-F4.1.1.0
2025-03-24 22:41:47,215 [WARN] PackLoader:240 - Cannot read IP mode file for wolfSSL.I-CUBE-wolfSSL.5.6.4
2025-03-24 22:41:47,221 [WARN] PackLoader:240 - Cannot read IP mode file for STMicroelectronics.X-CUBE-ISPU.2.1.0
2025-03-24 22:41:47,242 [WARN] PackLoader:240 - Cannot read IP mode file for STMicroelectronics.X-CUBE-AZRTOS-L5.2.0.0
2025-03-24 22:41:47,255 [INFO] WebApp:191 - Connection restablished
2025-03-24 22:41:47,266 [WARN] PackLoader:240 - Cannot read IP mode file for STMicroelectronics.X-CUBE-EEPRMA1.4.2.0
2025-03-24 22:41:47,276 [WARN] PackLoader:240 - Cannot read IP mode file for STMicroelectronics.X-CUBE-NFC6.3.1.0
2025-03-24 22:41:47,286 [WARN] PackLoader:240 - Cannot read IP mode file for ITTIA_DB.I-CUBE-ITTIADB.8.8.0
2025-03-24 22:41:47,293 [WARN] PackLoader:240 - Cannot read IP mode file for STMicroelectronics.X-CUBE-DPower.1.2.0
2025-03-24 22:41:47,324 [WARN] ConditionMgr:438 - getConditionDescription Invalid condition id : UX DEVICE CLASS RTOS Condition cause : null
2025-03-24 22:41:47,325 [WARN] ConditionMgr:438 - getConditionDescription Invalid condition id : UX DEVICE CLASS RTOS Condition cause : null
2025-03-24 22:41:47,332 [WARN] PackLoader:240 - Cannot read IP mode file for STMicroelectronics.X-CUBE-AZRTOS-H7.3.1.0
2025-03-24 22:41:47,334 [WARN] ConditionMgr:1044 - genDependencies : Invalid condition id : UX DEVICE CLASS RTOS Condition cause : null
2025-03-24 22:41:47,334 [WARN] ConditionMgr:1044 - genDependencies : Invalid condition id : UX DEVICE CLASS RTOS Condition cause : null
2025-03-24 22:41:47,335 [WARN] ConditionMgr:1044 - genDependencies : Invalid condition id : UX DEVICE CLASS RTOS Condition cause : null
2025-03-24 22:41:47,336 [WARN] ConditionMgr:1044 - genDependencies : Invalid condition id : UX DEVICE CLASS RTOS Condition cause : null
2025-03-24 22:41:47,337 [WARN] ConditionMgr:1044 - genDependencies : Invalid condition id : UX DEVICE CLASS RTOS Condition cause : null
2025-03-24 22:41:47,350 [WARN] PackLoader:240 - Cannot read IP mode file for STMicroelectronics.X-CUBE-FREERTOS.1.3.0
2025-03-24 22:41:47,387 [WARN] PackLoader:240 - Cannot read IP mode file for STMicroelectronics.X-CUBE-NFC7.1.0.1
2025-03-24 22:41:47,399 [WARN] PackLoader:240 - Cannot read IP mode file for STMicroelectronics.X-CUBE-NFC6.3.0.0
2025-03-24 22:41:47,405 [WARN] PackLoader:240 - Cannot read IP mode file for STMicroelectronics.X-CUBE-AI.8.1.0
2025-03-24 22:41:47,432 [WARN] ConditionMgr:438 - getConditionDescription Invalid condition id : LAN8742 Phy interface Condition cause : null
2025-03-24 22:41:47,435 [WARN] PackLoader:240 - Cannot read IP mode file for STMicroelectronics.X-CUBE-AZRTOS-L4.2.0.0
2025-03-24 22:41:47,437 [WARN] ConditionMgr:1044 - genDependencies : Invalid condition id : LAN8742 Phy interface Condition cause : null
2025-03-24 22:41:47,439 [WARN] ConditionMgr:1044 - genDependencies : Invalid condition id : LAN8742 Phy interface Condition cause : null
2025-03-24 22:41:47,440 [WARN] ConditionMgr:1044 - genDependencies : Invalid condition id : LAN8742 Phy interface Condition cause : null
2025-03-24 22:41:47,451 [WARN] PackLoader:240 - Cannot read IP mode file for STMicroelectronics.X-CUBE-SFXS2LP1.4.0.0
2025-03-24 22:41:47,468 [WARN] PackLoader:240 - Cannot read IP mode file for STMicroelectronics.X-CUBE-ISPU.1.1.0
2025-03-24 22:41:47,504 [WARN] PackLoader:240 - Cannot read IP mode file for STMicroelectronics.X-CUBE-AZRTOS-H7.3.3.0
2025-03-24 22:41:47,521 [WARN] ConditionMgr:438 - getConditionDescription Invalid condition id : UX DEVICE CLASS RTOS Condition cause : null
2025-03-24 22:41:47,521 [WARN] ConditionMgr:438 - getConditionDescription Invalid condition id : UX DEVICE CLASS RTOS Condition cause : null
2025-03-24 22:41:47,524 [WARN] PackLoader:240 - Cannot read IP mode file for STMicroelectronics.X-CUBE-AZRTOS-WB.2.0.0
2025-03-24 22:41:47,524 [WARN] ConditionMgr:1044 - genDependencies : Invalid condition id : UX DEVICE CLASS RTOS Condition cause : null
2025-03-24 22:41:47,525 [WARN] ConditionMgr:1044 - genDependencies : Invalid condition id : UX DEVICE CLASS RTOS Condition cause : null
2025-03-24 22:41:47,525 [WARN] ConditionMgr:1044 - genDependencies : Invalid condition id : UX DEVICE CLASS RTOS Condition cause : null
2025-03-24 22:41:47,525 [WARN] ConditionMgr:1044 - genDependencies : Invalid condition id : UX DEVICE CLASS RTOS Condition cause : null
2025-03-24 22:41:47,526 [WARN] ConditionMgr:1044 - genDependencies : Invalid condition id : UX DEVICE CLASS RTOS Condition cause : null
2025-03-24 22:41:47,535 [WARN] PackLoader:240 - Cannot read IP mode file for STMicroelectronics.X-CUBE-GNSS1.7.0.1
2025-03-24 22:41:47,541 [WARN] PackLoader:240 - Cannot read IP mode file for STMicroelectronics.X-CUBE-TOUCHGFX.4.25.0
2025-03-24 22:41:47,549 [WARN] PackLoader:240 - Cannot read IP mode file for STMicroelectronics.FP-SNS-STBOX1.2.0.0
2025-03-24 22:41:47,564 [WARN] PackLoader:240 - Cannot read IP mode file for STMicroelectronics.X-CUBE-SUBG2.5.0.0
2025-03-24 22:41:47,598 [WARN] PackLoader:240 - Cannot read IP mode file for STMicroelectronics.X-CUBE-AZRTOS-H7RS.1.1.0
2025-03-24 22:41:47,614 [WARN] PackLoader:240 - Cannot read IP mode file for Cesanta.I-CUBE-Mongoose.7.13.0
2025-03-24 22:41:47,632 [WARN] PackLoader:240 - Cannot read IP mode file for STMicroelectronics.X-CUBE-AZRTOS-G4.2.0.0
2025-03-24 22:41:47,649 [WARN] PackLoader:240 - Cannot read IP mode file for Infineon.AIROC-Wi-Fi-Bluetooth-STM32.1.5.1
2025-03-24 22:41:47,657 [WARN] PackLoader:240 - Cannot read IP mode file for wolfSSL.I-CUBE-wolfSSH.1.4.20
2025-03-24 22:41:47,662 [WARN] PackLoader:240 - Cannot read IP mode file for STMicroelectronics.FP-SNS-MOTENVWB1.1.3.0
2025-03-24 22:41:47,669 [WARN] PackLoader:240 - Cannot read IP mode file for STMicroelectronics.FP-SNS-MOTENVWB1.1.3.1
2025-03-24 22:41:47,675 [WARN] PackLoader:240 - Cannot read IP mode file for STMicroelectronics.X-CUBE-ISPU.2.0.0
2025-03-24 22:41:47,689 [WARN] PackLoader:240 - Cannot read IP mode file for STMicroelectronics.X-CUBE-IPS.3.1.0
2025-03-24 22:41:47,701 [WARN] PackLoader:240 - Cannot read IP mode file for STMicroelectronics.X-CUBE-ALS.1.0.2
2025-03-24 22:41:47,748 [WARN] PackLoader:240 - Cannot read IP mode file for STMicroelectronics.X-CUBE-MEMS1.10.0.0
2025-03-24 22:41:47,981 [WARN] PackLoader:240 - Cannot read IP mode file for STMicroelectronics.X-CUBE-FREERTOS.1.1.0
2025-03-24 22:41:47,990 [WARN] PackLoader:240 - Cannot read IP mode file for portGmbH.I-Cube-SoM-uGOAL.1.1.0
2025-03-24 22:41:47,996 [WARN] PackLoader:240 - Cannot read IP mode file for STMicroelectronics.X-CUBE-ALS.1.0.1
2025-03-24 22:41:48,001 [WARN] PackLoader:240 - Cannot read IP mode file for STMicroelectronics.FP-ATR-ASTRA1.2.0.0
2025-03-24 22:41:48,017 [WARN] PackLoader:240 - Cannot read IP mode file for STMicroelectronics.X-CUBE-TOF1.3.4.2
2025-03-24 22:41:48,037 [WARN] PackLoader:240 - Cannot read IP mode file for STMicroelectronics.X-CUBE-TOF1.3.4.0
2025-03-24 22:41:48,069 [WARN] PackLoader:240 - Cannot read IP mode file for STMicroelectronics.X-CUBE-AZRTOS-H7.3.2.0
2025-03-24 22:41:48,073 [INFO] ThirdParty:978 - Integrity check success = true
2025-03-24 22:41:48,073 [INFO] IntegrityCheckThread:100 - exiting critical section [integrity check]
2025-03-24 22:41:48,073 [INFO] IntegrityCheckThread:103 - End integrity checks thread
2025-03-24 22:43:24,073 [ERROR] LogOutputStream:75 - [STDERR_REDIRECT] 
